[DEBUG] 2019-09-02 16:51:29 [main] PageServiceTest:37 - User [id=0, username=null, password=null, telephoneNumber=null, country=null, birthday=null]
[DEBUG] 2019-09-02 16:51:29 [main] PageServiceTest:37 - User [id=1, username=null, password=null, telephoneNumber=null, country=null, birthday=null]
[DEBUG] 2019-09-02 16:51:29 [main] PageServiceTest:37 - User [id=2, username=null, password=null, telephoneNumber=null, country=null, birthday=null]
[DEBUG] 2019-09-02 16:51:29 [main] PageServiceTest:37 - User [id=3, username=null, password=null, telephoneNumber=null, country=null, birthday=null]
[DEBUG] 2019-09-02 16:51:29 [main] PageServiceTest:38 - FourEntityWithPageIdOneShouldBeConvertedCorrectly done
[DEBUG] 2019-09-02 16:51:29 [main] ConnectionPool:56 - kz.zhanbolat.web.infrastructer.database.pool.ProxyConnection@293bb8a5
[DEBUG] 2019-09-02 16:51:54 [main] ConnectionPool:56 - kz.zhanbolat.web.infrastructer.database.pool.ProxyConnection@6256ac4f
[DEBUG] 2019-09-02 16:51:54 [main] DBConfigTest:65 - false
[DEBUG] 2019-09-02 16:51:54 [main] DBConfigTest:44 - jdbc:mysql://localhost:3306/web
[DEBUG] 2019-09-02 16:51:54 [main] DBConfigTest:58 - ght34$6fg
[DEBUG] 2019-09-02 16:51:54 [main] DBConfigTest:51 - root
[DEBUG] 2019-09-02 16:51:54 [main] DBConfigTest:31 - charset
[DEBUG] 2019-09-02 16:51:54 [main] DBConfigTest:31 - useJDBCCompliantTimezoneShift
[DEBUG] 2019-09-02 16:51:54 [main] DBConfigTest:31 - useLegacyDatetimeCode
[DEBUG] 2019-09-02 16:51:54 [main] DBConfigTest:31 - url
[DEBUG] 2019-09-02 16:51:54 [main] DBConfigTest:31 - password
[DEBUG] 2019-09-02 16:51:54 [main] DBConfigTest:31 - connection.pool.size
[DEBUG] 2019-09-02 16:51:54 [main] DBConfigTest:31 - serverTimezone
[DEBUG] 2019-09-02 16:51:54 [main] DBConfigTest:31 - user
[DEBUG] 2019-09-02 16:51:54 [main] PageServiceTest:84 - User [id=5, username=null, password=null, telephoneNumber=null, country=null, birthday=null]
[DEBUG] 2019-09-02 16:51:54 [main] PageServiceTest:84 - User [id=6, username=null, password=null, telephoneNumber=null, country=null, birthday=null]
[DEBUG] 2019-09-02 16:51:54 [main] PageServiceTest:84 - User [id=7, username=null, password=null, telephoneNumber=null, country=null, birthday=null]
[DEBUG] 2019-09-02 16:51:54 [main] PageServiceTest:85 - EightEntityWithPageIdTwoShouldBeConvertedCorrectly done
[DEBUG] 2019-09-02 16:51:54 [main] PageServiceTest:53 - FourEntityWithPageIdTwoShouldBeConvertedCorrectly done
[DEBUG] 2019-09-02 16:51:54 [main] PageServiceTest:68 - User [id=0, username=null, password=null, telephoneNumber=null, country=null, birthday=null]
[DEBUG] 2019-09-02 16:51:54 [main] PageServiceTest:68 - User [id=1, username=null, password=null, telephoneNumber=null, country=null, birthday=null]
[DEBUG] 2019-09-02 16:51:54 [main] PageServiceTest:68 - User [id=2, username=null, password=null, telephoneNumber=null, country=null, birthday=null]
[DEBUG] 2019-09-02 16:51:54 [main] PageServiceTest:68 - User [id=3, username=null, password=null, telephoneNumber=null, country=null, birthday=null]
[DEBUG] 2019-09-02 16:51:54 [main] PageServiceTest:68 - User [id=4, username=null, password=null, telephoneNumber=null, country=null, birthday=null]
[DEBUG] 2019-09-02 16:51:54 [main] PageServiceTest:69 - EightEntityWithPageIdOneShouldBeConvertedCorrectly done
[DEBUG] 2019-09-02 16:51:54 [main] PageServiceTest:37 - User [id=0, username=null, password=null, telephoneNumber=null, country=null, birthday=null]
[DEBUG] 2019-09-02 16:51:54 [main] PageServiceTest:37 - User [id=1, username=null, password=null, telephoneNumber=null, country=null, birthday=null]
[DEBUG] 2019-09-02 16:51:54 [main] PageServiceTest:37 - User [id=2, username=null, password=null, telephoneNumber=null, country=null, birthday=null]
[DEBUG] 2019-09-02 16:51:54 [main] PageServiceTest:37 - User [id=3, username=null, password=null, telephoneNumber=null, country=null, birthday=null]
[DEBUG] 2019-09-02 16:51:54 [main] PageServiceTest:38 - FourEntityWithPageIdOneShouldBeConvertedCorrectly done
[DEBUG] 2019-09-02 16:51:54 [main] ConnectionPool:56 - kz.zhanbolat.web.infrastructer.database.pool.ProxyConnection@361c294e
[DEBUG] 2019-09-02 17:02:01 [main] ConnectionPool:56 - kz.zhanbolat.web.infrastructer.database.pool.ProxyConnection@235f4c10
[DEBUG] 2019-09-02 17:02:01 [main] DBConfigTest:65 - false
[DEBUG] 2019-09-02 17:02:01 [main] DBConfigTest:44 - jdbc:mysql://localhost:3306/web
[DEBUG] 2019-09-02 17:02:01 [main] DBConfigTest:58 - ght34$6fg
[DEBUG] 2019-09-02 17:02:01 [main] DBConfigTest:51 - root
[DEBUG] 2019-09-02 17:02:01 [main] DBConfigTest:31 - charset
[DEBUG] 2019-09-02 17:02:01 [main] DBConfigTest:31 - useJDBCCompliantTimezoneShift
[DEBUG] 2019-09-02 17:02:01 [main] DBConfigTest:31 - useLegacyDatetimeCode
[DEBUG] 2019-09-02 17:02:01 [main] DBConfigTest:31 - url
[DEBUG] 2019-09-02 17:02:01 [main] DBConfigTest:31 - password
[DEBUG] 2019-09-02 17:02:01 [main] DBConfigTest:31 - connection.pool.size
[DEBUG] 2019-09-02 17:02:01 [main] DBConfigTest:31 - serverTimezone
[DEBUG] 2019-09-02 17:02:01 [main] DBConfigTest:31 - user
[DEBUG] 2019-09-02 17:02:01 [main] PageServiceTest:84 - User [id=5, username=null, password=null, telephoneNumber=null, country=null, birthday=null]
[DEBUG] 2019-09-02 17:02:01 [main] PageServiceTest:84 - User [id=6, username=null, password=null, telephoneNumber=null, country=null, birthday=null]
[DEBUG] 2019-09-02 17:02:01 [main] PageServiceTest:84 - User [id=7, username=null, password=null, telephoneNumber=null, country=null, birthday=null]
[DEBUG] 2019-09-02 17:02:01 [main] PageServiceTest:85 - EightEntityWithPageIdTwoShouldBeConvertedCorrectly done
[DEBUG] 2019-09-02 17:02:01 [main] PageServiceTest:53 - FourEntityWithPageIdTwoShouldBeConvertedCorrectly done
[DEBUG] 2019-09-02 17:02:01 [main] PageServiceTest:68 - User [id=0, username=null, password=null, telephoneNumber=null, country=null, birthday=null]
[DEBUG] 2019-09-02 17:02:01 [main] PageServiceTest:68 - User [id=1, username=null, password=null, telephoneNumber=null, country=null, birthday=null]
[DEBUG] 2019-09-02 17:02:01 [main] PageServiceTest:68 - User [id=2, username=null, password=null, telephoneNumber=null, country=null, birthday=null]
[DEBUG] 2019-09-02 17:02:01 [main] PageServiceTest:68 - User [id=3, username=null, password=null, telephoneNumber=null, country=null, birthday=null]
[DEBUG] 2019-09-02 17:02:01 [main] PageServiceTest:68 - User [id=4, username=null, password=null, telephoneNumber=null, country=null, birthday=null]
[DEBUG] 2019-09-02 17:02:01 [main] PageServiceTest:69 - EightEntityWithPageIdOneShouldBeConvertedCorrectly done
[DEBUG] 2019-09-02 17:02:01 [main] PageServiceTest:37 - User [id=0, username=null, password=null, telephoneNumber=null, country=null, birthday=null]
[DEBUG] 2019-09-02 17:02:01 [main] PageServiceTest:37 - User [id=1, username=null, password=null, telephoneNumber=null, country=null, birthday=null]
[DEBUG] 2019-09-02 17:02:01 [main] PageServiceTest:37 - User [id=2, username=null, password=null, telephoneNumber=null, country=null, birthday=null]
[DEBUG] 2019-09-02 17:02:01 [main] PageServiceTest:37 - User [id=3, username=null, password=null, telephoneNumber=null, country=null, birthday=null]
[DEBUG] 2019-09-02 17:02:01 [main] PageServiceTest:38 - FourEntityWithPageIdOneShouldBeConvertedCorrectly done
[DEBUG] 2019-09-02 17:02:01 [main] ConnectionPool:56 - kz.zhanbolat.web.infrastructer.database.pool.ProxyConnection@314b8f2d
[DEBUG] 2019-09-02 17:02:11 [main] ConnectionPool:56 - kz.zhanbolat.web.infrastructer.database.pool.ProxyConnection@6256ac4f
[DEBUG] 2019-09-02 17:02:12 [main] DBConfigTest:65 - false
[DEBUG] 2019-09-02 17:02:12 [main] DBConfigTest:44 - jdbc:mysql://localhost:3306/web
[DEBUG] 2019-09-02 17:02:12 [main] DBConfigTest:58 - ght34$6fg
[DEBUG] 2019-09-02 17:02:12 [main] DBConfigTest:51 - root
[DEBUG] 2019-09-02 17:02:12 [main] DBConfigTest:31 - charset
[DEBUG] 2019-09-02 17:02:12 [main] DBConfigTest:31 - useJDBCCompliantTimezoneShift
[DEBUG] 2019-09-02 17:02:12 [main] DBConfigTest:31 - useLegacyDatetimeCode
[DEBUG] 2019-09-02 17:02:12 [main] DBConfigTest:31 - url
[DEBUG] 2019-09-02 17:02:12 [main] DBConfigTest:31 - password
[DEBUG] 2019-09-02 17:02:12 [main] DBConfigTest:31 - connection.pool.size
[DEBUG] 2019-09-02 17:02:12 [main] DBConfigTest:31 - serverTimezone
[DEBUG] 2019-09-02 17:02:12 [main] DBConfigTest:31 - user
[DEBUG] 2019-09-02 17:02:12 [main] PageServiceTest:84 - User [id=5, username=null, password=null, telephoneNumber=null, country=null, birthday=null]
[DEBUG] 2019-09-02 17:02:12 [main] PageServiceTest:84 - User [id=6, username=null, password=null, telephoneNumber=null, country=null, birthday=null]
[DEBUG] 2019-09-02 17:02:12 [main] PageServiceTest:84 - User [id=7, username=null, password=null, telephoneNumber=null, country=null, birthday=null]
[DEBUG] 2019-09-02 17:02:12 [main] PageServiceTest:85 - EightEntityWithPageIdTwoShouldBeConvertedCorrectly done
[DEBUG] 2019-09-02 17:02:12 [main] PageServiceTest:53 - FourEntityWithPageIdTwoShouldBeConvertedCorrectly done
[DEBUG] 2019-09-02 17:02:12 [main] PageServiceTest:68 - User [id=0, username=null, password=null, telephoneNumber=null, country=null, birthday=null]
[DEBUG] 2019-09-02 17:02:12 [main] PageServiceTest:68 - User [id=1, username=null, password=null, telephoneNumber=null, country=null, birthday=null]
[DEBUG] 2019-09-02 17:02:12 [main] PageServiceTest:68 - User [id=2, username=null, password=null, telephoneNumber=null, country=null, birthday=null]
[DEBUG] 2019-09-02 17:02:12 [main] PageServiceTest:68 - User [id=3, username=null, password=null, telephoneNumber=null, country=null, birthday=null]
[DEBUG] 2019-09-02 17:02:12 [main] PageServiceTest:68 - User [id=4, username=null, password=null, telephoneNumber=null, country=null, birthday=null]
[DEBUG] 2019-09-02 17:02:12 [main] PageServiceTest:69 - EightEntityWithPageIdOneShouldBeConvertedCorrectly done
[DEBUG] 2019-09-02 17:02:12 [main] PageServiceTest:37 - User [id=0, username=null, password=null, telephoneNumber=null, country=null, birthday=null]
[DEBUG] 2019-09-02 17:02:12 [main] PageServiceTest:37 - User [id=1, username=null, password=null, telephoneNumber=null, country=null, birthday=null]
[DEBUG] 2019-09-02 17:02:12 [main] PageServiceTest:37 - User [id=2, username=null, password=null, telephoneNumber=null, country=null, birthday=null]
[DEBUG] 2019-09-02 17:02:12 [main] PageServiceTest:37 - User [id=3, username=null, password=null, telephoneNumber=null, country=null, birthday=null]
[DEBUG] 2019-09-02 17:02:12 [main] PageServiceTest:38 - FourEntityWithPageIdOneShouldBeConvertedCorrectly done
[DEBUG] 2019-09-02 17:02:12 [main] ConnectionPool:56 - kz.zhanbolat.web.infrastructer.database.pool.ProxyConnection@361c294e
[DEBUG] 2019-09-02 17:04:57 [main] ConnectionPool:56 - kz.zhanbolat.web.infrastructer.database.pool.ProxyConnection@6256ac4f
[DEBUG] 2019-09-02 17:04:57 [main] DBConfigTest:65 - false
[DEBUG] 2019-09-02 17:04:57 [main] DBConfigTest:44 - jdbc:mysql://localhost:3306/web
[DEBUG] 2019-09-02 17:04:57 [main] DBConfigTest:58 - ght34$6fg
[DEBUG] 2019-09-02 17:04:57 [main] DBConfigTest:51 - root
[DEBUG] 2019-09-02 17:04:57 [main] DBConfigTest:31 - charset
[DEBUG] 2019-09-02 17:04:57 [main] DBConfigTest:31 - useJDBCCompliantTimezoneShift
[DEBUG] 2019-09-02 17:04:57 [main] DBConfigTest:31 - useLegacyDatetimeCode
[DEBUG] 2019-09-02 17:04:57 [main] DBConfigTest:31 - url
[DEBUG] 2019-09-02 17:04:57 [main] DBConfigTest:31 - password
[DEBUG] 2019-09-02 17:04:57 [main] DBConfigTest:31 - connection.pool.size
[DEBUG] 2019-09-02 17:04:57 [main] DBConfigTest:31 - serverTimezone
[DEBUG] 2019-09-02 17:04:57 [main] DBConfigTest:31 - user
[DEBUG] 2019-09-02 17:04:57 [main] PageServiceTest:84 - User [id=5, username=null, password=null, telephoneNumber=null, country=null, birthday=null]
[DEBUG] 2019-09-02 17:04:57 [main] PageServiceTest:84 - User [id=6, username=null, password=null, telephoneNumber=null, country=null, birthday=null]
[DEBUG] 2019-09-02 17:04:57 [main] PageServiceTest:84 - User [id=7, username=null, password=null, telephoneNumber=null, country=null, birthday=null]
[DEBUG] 2019-09-02 17:04:57 [main] PageServiceTest:85 - EightEntityWithPageIdTwoShouldBeConvertedCorrectly done
